[2026-07-08T21:00:53] 开始第 1/3 次数据更新
[2026-07-08T21:00:53] 命令: /root/ETFbacktest/backend/.venv/bin/python /root/ETFbacktest/tools/updata_data.py --start-date 20150101 --sqlite-db-path /root/ETFbacktest/data/market_data.sqlite3 --max-workers 4 --retries 5 --retry-delay 3.0 --adj '' --benchmark-codes 000001.SH --no-progress

  0%|          | 0/15 [00:00<?, ?it/s]
  7%|▋         | 1/15 [00:00<00:09,  1.52it/s]
 13%|█▎        | 2/15 [00:01<00:13,  1.06s/it]
 20%|██        | 3/15 [00:03<00:15,  1.28s/it]
 27%|██▋       | 4/15 [00:04<00:14,  1.31s/it]
 33%|███▎      | 5/15 [00:06<00:12,  1.26s/it]
 40%|████      | 6/15 [00:06<00:09,  1.09s/it]
 47%|████▋     | 7/15 [00:07<00:08,  1.10s/it]
 53%|█████▎    | 8/15 [00:09<00:08,  1.22s/it]
 60%|██████    | 9/15 [00:11<00:08,  1.34s/it]
 67%|██████▋   | 10/15 [00:11<00:05,  1.15s/it]
 73%|███████▎  | 11/15 [00:12<00:03,  1.00it/s]
 80%|████████  | 12/15 [00:13<00:03,  1.14s/it]
 87%|████████▋ | 13/15 [00:14<00:02,  1.01s/it]
 93%|█████████▎| 14/15 [00:15<00:00,  1.04it/s]
100%|██████████| 15/15 [00:16<00:00,  1.12it/s]
                                               
SQLite: /root/ETFbacktest/data/market_data.sqlite3
ETF列表: 1537 条，已写入 1537 条
行情任务: 1537 个标的，跳过已最新 1 个
[560000.SH] 20260501~20260708 无行情
[560650.SH] 20260702~20260708 无行情
完成：写入/拉取行情 5897 行，失败 0 只
[2026-07-08T21:04:02] 数据更新完成
